train  | 0.000 | 1.890 |  0 hr 00 min
            Precision        SE        SP        YI
     class0    1.0000    0.8544    1.0000    0.8544
     class1    0.8732    0.9764    0.8909    0.8673
     class2    0.7619    0.8889    0.9609    0.8498
     class3    0.9500    0.7308    0.9962    0.7270
avg / total    0.8963    0.8626    0.9620    0.8246
              AVE_ACC           0.9007

 MAE: 3.5274
best result until now: 
            Precision        SE        SP        YI
     class0    1.0000    0.8544    1.0000    0.8544
     class1    0.8732    0.9764    0.8909    0.8673
     class2    0.7619    0.8889    0.9609    0.8498
     class3    0.9500    0.7308    0.9962    0.7270
avg / total    0.8963    0.8626    0.9620    0.8246
              AVE_ACC           0.9007

 MAE: 3.5274

best result: 
            Precision        SE        SP        YI
     class0    1.0000    0.8544    1.0000    0.8544
     class1    0.8732    0.9764    0.8909    0.8673
     class2    0.7619    0.8889    0.9609    0.8498
     class3    0.9500    0.7308    0.9962    0.7270
avg / total    0.8963    0.8626    0.9620    0.8246
              AVE_ACC           0.9007

 MAE: 3.5274

train  | 1.000 | 1.193 |  0 hr 01 min
            Precision        SE        SP        YI
     class0    1.0000    0.8835    1.0000    0.8835
     class1    0.9030    0.9528    0.9212    0.8740
     class2    0.8000    0.6667    0.9766    0.6432
     class3    0.7027    1.0000    0.9586    0.9586
avg / total    0.8514    0.8757    0.9641    0.8398
              AVE_ACC           0.8973

 MAE: 2.4486
best result until now: 
            Precision        SE        SP        YI
     class0    1.0000    0.8544    1.0000    0.8544
     class1    0.8732    0.9764    0.8909    0.8673
     class2    0.7619    0.8889    0.9609    0.8498
     class3    0.9500    0.7308    0.9962    0.7270
avg / total    0.8963    0.8626    0.9620    0.8246
              AVE_ACC           0.9007

 MAE: 3.5274

best result: 
            Precision        SE        SP        YI
     class0    1.0000    0.8544    1.0000    0.8544
     class1    0.8732    0.9764    0.8909    0.8673
     class2    0.7619    0.8889    0.9609    0.8498
     class3    0.9500    0.7308    0.9962    0.7270
avg / total    0.8963    0.8626    0.9620    0.8246
              AVE_ACC           0.9007

 MAE: 3.5274

train  | 2.000 | 1.020 |  0 hr 02 min
            Precision        SE        SP        YI
     class0    0.9444    0.9903    0.9683    0.9585
     class1    0.9672    0.9291    0.9758    0.9049
     class2    0.8611    0.8611    0.9805    0.8416
     class3    0.9231    0.9231    0.9925    0.9156
avg / total    0.9240    0.9259    0.9792    0.9051
              AVE_ACC           0.9418

 MAE: 1.9795
best result until now: 
            Precision        SE        SP        YI
     class0    0.9444    0.9903    0.9683    0.9585
     class1    0.9672    0.9291    0.9758    0.9049
     class2    0.8611    0.8611    0.9805    0.8416
     class3    0.9231    0.9231    0.9925    0.9156
avg / total    0.9240    0.9259    0.9792    0.9051
              AVE_ACC           0.9418

 MAE: 1.9795

best result: 
            Precision        SE        SP        YI
     class0    0.9444    0.9903    0.9683    0.9585
     class1    0.9672    0.9291    0.9758    0.9049
     class2    0.8611    0.8611    0.9805    0.8416
     class3    0.9231    0.9231    0.9925    0.9156
avg / total    0.9240    0.9259    0.9792    0.9051
              AVE_ACC           0.9418

 MAE: 1.9795

train  | 3.000 | 0.936 |  0 hr 02 min
            Precision        SE        SP        YI
     class0    0.9714    0.9903    0.9841    0.9744
     class1    0.9756    0.9449    0.9818    0.9267
     class2    0.8421    0.8889    0.9766    0.8655
     class3    0.9231    0.9231    0.9925    0.9156
avg / total    0.9281    0.9368    0.9837    0.9205
              AVE_ACC           0.9521

 MAE: 1.9897
best result until now: 
            Precision        SE        SP        YI
     class0    0.9714    0.9903    0.9841    0.9744
     class1    0.9756    0.9449    0.9818    0.9267
     class2    0.8421    0.8889    0.9766    0.8655
     class3    0.9231    0.9231    0.9925    0.9156
avg / total    0.9281    0.9368    0.9837    0.9205
              AVE_ACC           0.9521

 MAE: 1.9897

best result: 
            Precision        SE        SP        YI
     class0    0.9714    0.9903    0.9841    0.9744
     class1    0.9756    0.9449    0.9818    0.9267
     class2    0.8421    0.8889    0.9766    0.8655
     class3    0.9231    0.9231    0.9925    0.9156
avg / total    0.9281    0.9368    0.9837    0.9205
              AVE_ACC           0.9521

 MAE: 1.9897

train  | 4.000 | 0.841 |  0 hr 03 min
            Precision        SE        SP        YI
     class0    0.9902    0.9806    0.9947    0.9753
     class1    0.9615    0.9843    0.9697    0.9539
     class2    0.9118    0.8611    0.9883    0.8494
     class3    0.9231    0.9231    0.9925    0.9156
avg / total    0.9466    0.9373    0.9863    0.9235
              AVE_ACC           0.9623

 MAE: 2.1849
best result until now: 
            Precision        SE        SP        YI
     class0    0.9902    0.9806    0.9947    0.9753
     class1    0.9615    0.9843    0.9697    0.9539
     class2    0.9118    0.8611    0.9883    0.8494
     class3    0.9231    0.9231    0.9925    0.9156
avg / total    0.9466    0.9373    0.9863    0.9235
              AVE_ACC           0.9623

 MAE: 2.1849

best result: 
            Precision        SE        SP        YI
     class0    0.9902    0.9806    0.9947    0.9753
     class1    0.9615    0.9843    0.9697    0.9539
     class2    0.9118    0.8611    0.9883    0.8494
     class3    0.9231    0.9231    0.9925    0.9156
avg / total    0.9466    0.9373    0.9863    0.9235
              AVE_ACC           0.9623

 MAE: 2.1849

train  | 5.000 | 0.815 |  0 hr 04 min
            Precision        SE        SP        YI
     class0    0.8655    1.0000    0.9153    0.9153
     class1    0.9652    0.8740    0.9758    0.8498
     class2    0.9677    0.8333    0.9961    0.8294
     class3    0.9259    0.9615    0.9925    0.9540
avg / total    0.9311    0.9172    0.9699    0.8871
              AVE_ACC           0.9212

 MAE: 2.2534
best result until now: 
            Precision        SE        SP        YI
     class0    0.9902    0.9806    0.9947    0.9753
     class1    0.9615    0.9843    0.9697    0.9539
     class2    0.9118    0.8611    0.9883    0.8494
     class3    0.9231    0.9231    0.9925    0.9156
avg / total    0.9466    0.9373    0.9863    0.9235
              AVE_ACC           0.9623

 MAE: 2.1849

best result: 
            Precision        SE        SP        YI
     class0    0.9902    0.9806    0.9947    0.9753
     class1    0.9615    0.9843    0.9697    0.9539
     class2    0.9118    0.8611    0.9883    0.8494
     class3    0.9231    0.9231    0.9925    0.9156
avg / total    0.9466    0.9373    0.9863    0.9235
              AVE_ACC           0.9623

 MAE: 2.1849

train  | 6.000 | 0.753 |  0 hr 04 min
            Precision        SE        SP        YI
     class0    0.9806    0.9806    0.9894    0.9700
     class1    0.9680    0.9528    0.9758    0.9285
     class2    0.8649    0.8889    0.9805    0.8694
     class3    0.9259    0.9615    0.9925    0.9540
avg / total    0.9348    0.9459    0.9845    0.9305
              AVE_ACC           0.9555

 MAE: 1.7329
best result until now: 
            Precision        SE        SP        YI
     class0    0.9902    0.9806    0.9947    0.9753
     class1    0.9615    0.9843    0.9697    0.9539
     class2    0.9118    0.8611    0.9883    0.8494
     class3    0.9231    0.9231    0.9925    0.9156
avg / total    0.9466    0.9373    0.9863    0.9235
              AVE_ACC           0.9623

 MAE: 2.1849

best result: 
            Precision        SE        SP        YI
     class0    0.9902    0.9806    0.9947    0.9753
     class1    0.9615    0.9843    0.9697    0.9539
     class2    0.9118    0.8611    0.9883    0.8494
     class3    0.9231    0.9231    0.9925    0.9156
avg / total    0.9466    0.9373    0.9863    0.9235
              AVE_ACC           0.9623

 MAE: 2.1849

train  | 7.000 | 0.618 |  0 hr 05 min
            Precision        SE        SP        YI
     class0    0.9623    0.9903    0.9788    0.9691
     class1    0.9609    0.9685    0.9697    0.9382
     class2    1.0000    0.8333    1.0000    0.8333
     class3    0.9286    1.0000    0.9925    0.9925
avg / total    0.9629    0.9480    0.9853    0.9333
              AVE_ACC           0.9623

 MAE: 1.5890
best result until now: 
            Precision        SE        SP        YI
     class0    0.9902    0.9806    0.9947    0.9753
     class1    0.9615    0.9843    0.9697    0.9539
     class2    0.9118    0.8611    0.9883    0.8494
     class3    0.9231    0.9231    0.9925    0.9156
avg / total    0.9466    0.9373    0.9863    0.9235
              AVE_ACC           0.9623

 MAE: 2.1849

best result: 
            Precision        SE        SP        YI
     class0    0.9902    0.9806    0.9947    0.9753
     class1    0.9615    0.9843    0.9697    0.9539
     class2    0.9118    0.8611    0.9883    0.8494
     class3    0.9231    0.9231    0.9925    0.9156
avg / total    0.9466    0.9373    0.9863    0.9235
              AVE_ACC           0.9623

 MAE: 2.1849

train  | 8.000 | 0.572 |  0 hr 06 min
            Precision        SE        SP        YI
     class0    0.8803    1.0000    0.9259    0.9259
     class1    0.9912    0.8819    0.9939    0.8758
     class2    0.9714    0.9444    0.9961    0.9405
     class3    0.9630    1.0000    0.9962    0.9962
avg / total    0.9515    0.9566    0.9780    0.9346
              AVE_ACC           0.9418

 MAE: 1.7123
best result until now: 
            Precision        SE        SP        YI
     class0    0.9902    0.9806    0.9947    0.9753
     class1    0.9615    0.9843    0.9697    0.9539
     class2    0.9118    0.8611    0.9883    0.8494
     class3    0.9231    0.9231    0.9925    0.9156
avg / total    0.9466    0.9373    0.9863    0.9235
              AVE_ACC           0.9623

 MAE: 2.1849

best result: 
            Precision        SE        SP        YI
     class0    0.9902    0.9806    0.9947    0.9753
     class1    0.9615    0.9843    0.9697    0.9539
     class2    0.9118    0.8611    0.9883    0.8494
     class3    0.9231    0.9231    0.9925    0.9156
avg / total    0.9466    0.9373    0.9863    0.9235
              AVE_ACC           0.9623

 MAE: 2.1849

train  | 9.000 | 0.505 |  0 hr 07 min
            Precision        SE        SP        YI
     class0    0.9903    0.9903    0.9947    0.9850
     class1    0.9840    0.9685    0.9879    0.9564
     class2    0.8947    0.9444    0.9844    0.9288
     class3    0.9615    0.9615    0.9962    0.9578
avg / total    0.9576    0.9662    0.9908    0.9570
              AVE_ACC           0.9726

 MAE: 1.4692
best result until now: 
            Precision        SE        SP        YI
     class0    0.9903    0.9903    0.9947    0.9850
     class1    0.9840    0.9685    0.9879    0.9564
     class2    0.8947    0.9444    0.9844    0.9288
     class3    0.9615    0.9615    0.9962    0.9578
avg / total    0.9576    0.9662    0.9908    0.9570
              AVE_ACC           0.9726

 MAE: 1.4692

best result: 
            Precision        SE        SP        YI
     class0    0.9903    0.9903    0.9947    0.9850
     class1    0.9840    0.9685    0.9879    0.9564
     class2    0.8947    0.9444    0.9844    0.9288
     class3    0.9615    0.9615    0.9962    0.9578
avg / total    0.9576    0.9662    0.9908    0.9570
              AVE_ACC           0.9726

 MAE: 1.4692

train  | 10.000 | 0.457 |  0 hr 08 min
            Precision        SE        SP        YI
     class0    1.0000    0.9612    1.0000    0.9612
     class1    0.9675    0.9370    0.9758    0.9128
     class2    0.8095    0.9444    0.9688    0.9132
     class3    0.9286    1.0000    0.9925    0.9925
avg / total    0.9264    0.9607    0.9842    0.9449
              AVE_ACC           0.9521

 MAE: 1.6849
best result until now: 
            Precision        SE        SP        YI
     class0    0.9903    0.9903    0.9947    0.9850
     class1    0.9840    0.9685    0.9879    0.9564
     class2    0.8947    0.9444    0.9844    0.9288
     class3    0.9615    0.9615    0.9962    0.9578
avg / total    0.9576    0.9662    0.9908    0.9570
              AVE_ACC           0.9726

 MAE: 1.4692

best result: 
            Precision        SE        SP        YI
     class0    0.9903    0.9903    0.9947    0.9850
     class1    0.9840    0.9685    0.9879    0.9564
     class2    0.8947    0.9444    0.9844    0.9288
     class3    0.9615    0.9615    0.9962    0.9578
avg / total    0.9576    0.9662    0.9908    0.9570
              AVE_ACC           0.9726

 MAE: 1.4692

train  | 11.000 | 0.462 |  0 hr 08 min
            Precision        SE        SP        YI
     class0    0.9808    0.9903    0.9894    0.9797
     class1    0.9920    0.9764    0.9939    0.9703
     class2    0.9697    0.8889    0.9961    0.8850
     class3    0.8667    1.0000    0.9850    0.9850
avg / total    0.9523    0.9639    0.9911    0.9550
              AVE_ACC           0.9726

 MAE: 1.8082
best result until now: 
            Precision        SE        SP        YI
     class0    0.9903    0.9903    0.9947    0.9850
     class1    0.9840    0.9685    0.9879    0.9564
     class2    0.8947    0.9444    0.9844    0.9288
     class3    0.9615    0.9615    0.9962    0.9578
avg / total    0.9576    0.9662    0.9908    0.9570
              AVE_ACC           0.9726

 MAE: 1.4692

best result: 
            Precision        SE        SP        YI
     class0    0.9903    0.9903    0.9947    0.9850
     class1    0.9840    0.9685    0.9879    0.9564
     class2    0.8947    0.9444    0.9844    0.9288
     class3    0.9615    0.9615    0.9962    0.9578
avg / total    0.9576    0.9662    0.9908    0.9570
              AVE_ACC           0.9726

 MAE: 1.4692

train  | 12.000 | 0.489 |  0 hr 09 min
            Precision        SE        SP        YI
     class0    0.8729    1.0000    0.9206    0.9206
     class1    0.9911    0.8740    0.9939    0.8680
     class2    0.9714    0.9444    0.9961    0.9405
     class3    0.9630    1.0000    0.9962    0.9962
avg / total    0.9496    0.9546    0.9767    0.9313
              AVE_ACC           0.9384

 MAE: 1.7740
best result until now: 
            Precision        SE        SP        YI
     class0    0.9903    0.9903    0.9947    0.9850
     class1    0.9840    0.9685    0.9879    0.9564
     class2    0.8947    0.9444    0.9844    0.9288
     class3    0.9615    0.9615    0.9962    0.9578
avg / total    0.9576    0.9662    0.9908    0.9570
              AVE_ACC           0.9726

 MAE: 1.4692

best result: 
            Precision        SE        SP        YI
     class0    0.9903    0.9903    0.9947    0.9850
     class1    0.9840    0.9685    0.9879    0.9564
     class2    0.8947    0.9444    0.9844    0.9288
     class3    0.9615    0.9615    0.9962    0.9578
avg / total    0.9576    0.9662    0.9908    0.9570
              AVE_ACC           0.9726

 MAE: 1.4692

train  | 13.000 | 0.319 |  0 hr 10 min
            Precision        SE        SP        YI
     class0    0.9901    0.9709    0.9947    0.9656
     class1    0.9545    0.9921    0.9636    0.9558
     class2    1.0000    0.8056    1.0000    0.8056
     class3    0.8667    1.0000    0.9850    0.9850
avg / total    0.9528    0.9421    0.9858    0.9280
              AVE_ACC           0.9623

 MAE: 1.5993
best result until now: 
            Precision        SE        SP        YI
     class0    0.9903    0.9903    0.9947    0.9850
     class1    0.9840    0.9685    0.9879    0.9564
     class2    0.8947    0.9444    0.9844    0.9288
     class3    0.9615    0.9615    0.9962    0.9578
avg / total    0.9576    0.9662    0.9908    0.9570
              AVE_ACC           0.9726

 MAE: 1.4692

best result: 
            Precision        SE        SP        YI
     class0    0.9903    0.9903    0.9947    0.9850
     class1    0.9840    0.9685    0.9879    0.9564
     class2    0.8947    0.9444    0.9844    0.9288
     class3    0.9615    0.9615    0.9962    0.9578
avg / total    0.9576    0.9662    0.9908    0.9570
              AVE_ACC           0.9726

 MAE: 1.4692

train  | 14.000 | 0.307 |  0 hr 11 min
            Precision        SE        SP        YI
     class0    0.9444    0.9903    0.9683    0.9585
     class1    0.9237    0.9528    0.9394    0.8921
     class2    0.9000    0.7500    0.9883    0.7383
     class3    1.0000    0.8846    1.0000    0.8846
avg / total    0.9420    0.8944    0.9740    0.8684
              AVE_ACC           0.9349

 MAE: 2.2842
best result until now: 
            Precision        SE        SP        YI
     class0    0.9903    0.9903    0.9947    0.9850
     class1    0.9840    0.9685    0.9879    0.9564
     class2    0.8947    0.9444    0.9844    0.9288
     class3    0.9615    0.9615    0.9962    0.9578
avg / total    0.9576    0.9662    0.9908    0.9570
              AVE_ACC           0.9726

 MAE: 1.4692

best result: 
            Precision        SE        SP        YI
     class0    0.9903    0.9903    0.9947    0.9850
     class1    0.9840    0.9685    0.9879    0.9564
     class2    0.8947    0.9444    0.9844    0.9288
     class3    0.9615    0.9615    0.9962    0.9578
avg / total    0.9576    0.9662    0.9908    0.9570
              AVE_ACC           0.9726

 MAE: 1.4692

train  | 15.000 | 0.258 |  0 hr 11 min
            Precision        SE        SP        YI
     class0    1.0000    0.9709    1.0000    0.9709
     class1    0.9754    0.9370    0.9818    0.9188
     class2    0.7895    0.8333    0.9688    0.8021
     class3    0.8125    1.0000    0.9774    0.9774
avg / total    0.8943    0.9353    0.9820    0.9173
              AVE_ACC           0.9418

 MAE: 2.0171
best result until now: 
            Precision        SE        SP        YI
     class0    0.9903    0.9903    0.9947    0.9850
     class1    0.9840    0.9685    0.9879    0.9564
     class2    0.8947    0.9444    0.9844    0.9288
     class3    0.9615    0.9615    0.9962    0.9578
avg / total    0.9576    0.9662    0.9908    0.9570
              AVE_ACC           0.9726

 MAE: 1.4692

best result: 
            Precision        SE        SP        YI
     class0    0.9903    0.9903    0.9947    0.9850
     class1    0.9840    0.9685    0.9879    0.9564
     class2    0.8947    0.9444    0.9844    0.9288
     class3    0.9615    0.9615    0.9962    0.9578
avg / total    0.9576    0.9662    0.9908    0.9570
              AVE_ACC           0.9726

 MAE: 1.4692

train  | 16.000 | 0.179 |  0 hr 12 min
            Precision        SE        SP        YI
     class0    0.9358    0.9903    0.9630    0.9533
     class1    0.9600    0.9449    0.9697    0.9146
     class2    0.9688    0.8611    0.9961    0.8572
     class3    0.9615    0.9615    0.9962    0.9578
avg / total    0.9565    0.9395    0.9812    0.9207
              AVE_ACC           0.9521

 MAE: 1.9384
best result until now: 
            Precision        SE        SP        YI
     class0    0.9903    0.9903    0.9947    0.9850
     class1    0.9840    0.9685    0.9879    0.9564
     class2    0.8947    0.9444    0.9844    0.9288
     class3    0.9615    0.9615    0.9962    0.9578
avg / total    0.9576    0.9662    0.9908    0.9570
              AVE_ACC           0.9726

 MAE: 1.4692

best result: 
            Precision        SE        SP        YI
     class0    0.9903    0.9903    0.9947    0.9850
     class1    0.9840    0.9685    0.9879    0.9564
     class2    0.8947    0.9444    0.9844    0.9288
     class3    0.9615    0.9615    0.9962    0.9578
avg / total    0.9576    0.9662    0.9908    0.9570
              AVE_ACC           0.9726

 MAE: 1.4692

train  | 17.000 | 0.143 |  0 hr 13 min
            Precision        SE        SP        YI
     class0    0.9364    1.0000    0.9630    0.9630
     class1    0.9835    0.9370    0.9879    0.9249
     class2    0.8293    0.9444    0.9727    0.9171
     class3    1.0000    0.7692    1.0000    0.7692
avg / total    0.9373    0.9127    0.9809    0.8935
              AVE_ACC           0.9452

 MAE: 1.9281
best result until now: 
            Precision        SE        SP        YI
     class0    0.9903    0.9903    0.9947    0.9850
     class1    0.9840    0.9685    0.9879    0.9564
     class2    0.8947    0.9444    0.9844    0.9288
     class3    0.9615    0.9615    0.9962    0.9578
avg / total    0.9576    0.9662    0.9908    0.9570
              AVE_ACC           0.9726

 MAE: 1.4692

best result: 
            Precision        SE        SP        YI
     class0    0.9903    0.9903    0.9947    0.9850
     class1    0.9840    0.9685    0.9879    0.9564
     class2    0.8947    0.9444    0.9844    0.9288
     class3    0.9615    0.9615    0.9962    0.9578
avg / total    0.9576    0.9662    0.9908    0.9570
              AVE_ACC           0.9726

 MAE: 1.4692

train  | 18.000 | 0.121 |  0 hr 14 min
            Precision        SE        SP        YI
     class0    0.9806    0.9806    0.9894    0.9700
     class1    0.9675    0.9370    0.9758    0.9128
     class2    0.7907    0.9444    0.9648    0.9093
     class3    1.0000    0.8846    1.0000    0.8846
avg / total    0.9347    0.9367    0.9825    0.9192
              AVE_ACC           0.9486

 MAE: 1.7740
best result until now: 
            Precision        SE        SP        YI
     class0    0.9903    0.9903    0.9947    0.9850
     class1    0.9840    0.9685    0.9879    0.9564
     class2    0.8947    0.9444    0.9844    0.9288
     class3    0.9615    0.9615    0.9962    0.9578
avg / total    0.9576    0.9662    0.9908    0.9570
              AVE_ACC           0.9726

 MAE: 1.4692

best result: 
            Precision        SE        SP        YI
     class0    0.9903    0.9903    0.9947    0.9850
     class1    0.9840    0.9685    0.9879    0.9564
     class2    0.8947    0.9444    0.9844    0.9288
     class3    0.9615    0.9615    0.9962    0.9578
avg / total    0.9576    0.9662    0.9908    0.9570
              AVE_ACC           0.9726

 MAE: 1.4692

train  | 19.000 | 0.109 |  0 hr 14 min
            Precision        SE        SP        YI
     class0    0.9901    0.9709    0.9947    0.9656
     class1    0.9615    0.9843    0.9697    0.9539
     class2    0.9429    0.9167    0.9922    0.9089
     class3    0.9615    0.9615    0.9962    0.9578
avg / total    0.9640    0.9583    0.9882    0.9465
              AVE_ACC           0.9692

 MAE: 1.7466
best result until now: 
            Precision        SE        SP        YI
     class0    0.9903    0.9903    0.9947    0.9850
     class1    0.9840    0.9685    0.9879    0.9564
     class2    0.8947    0.9444    0.9844    0.9288
     class3    0.9615    0.9615    0.9962    0.9578
avg / total    0.9576    0.9662    0.9908    0.9570
              AVE_ACC           0.9726

 MAE: 1.4692

best result: 
            Precision        SE        SP        YI
     class0    0.9903    0.9903    0.9947    0.9850
     class1    0.9840    0.9685    0.9879    0.9564
     class2    0.8947    0.9444    0.9844    0.9288
     class3    0.9615    0.9615    0.9962    0.9578
avg / total    0.9576    0.9662    0.9908    0.9570
              AVE_ACC           0.9726

 MAE: 1.4692

train  | 20.000 | 0.103 |  0 hr 15 min
            Precision        SE        SP        YI
     class0    0.9806    0.9806    0.9894    0.9700
     class1    0.9677    0.9449    0.9758    0.9206
     class2    0.8421    0.8889    0.9766    0.8655
     class3    0.9259    0.9615    0.9925    0.9540
avg / total    0.9291    0.9440    0.9836    0.9275
              AVE_ACC           0.9521

 MAE: 1.7295
best result until now: 
            Precision        SE        SP        YI
     class0    0.9903    0.9903    0.9947    0.9850
     class1    0.9840    0.9685    0.9879    0.9564
     class2    0.8947    0.9444    0.9844    0.9288
     class3    0.9615    0.9615    0.9962    0.9578
avg / total    0.9576    0.9662    0.9908    0.9570
              AVE_ACC           0.9726

 MAE: 1.4692

best result: 
            Precision        SE        SP        YI
     class0    0.9903    0.9903    0.9947    0.9850
     class1    0.9840    0.9685    0.9879    0.9564
     class2    0.8947    0.9444    0.9844    0.9288
     class3    0.9615    0.9615    0.9962    0.9578
avg / total    0.9576    0.9662    0.9908    0.9570
              AVE_ACC           0.9726

 MAE: 1.4692

train  | 21.000 | 0.109 |  0 hr 16 min
            Precision        SE        SP        YI
     class0    1.0000    0.9126    1.0000    0.9126
     class1    0.9308    0.9528    0.9455    0.8982
     class2    0.8235    0.7778    0.9766    0.7543
     class3    0.7647    1.0000    0.9699    0.9699
avg / total    0.8798    0.9108    0.9730    0.8838
              AVE_ACC           0.9212

 MAE: 2.4041
best result until now: 
            Precision        SE        SP        YI
     class0    0.9903    0.9903    0.9947    0.9850
     class1    0.9840    0.9685    0.9879    0.9564
     class2    0.8947    0.9444    0.9844    0.9288
     class3    0.9615    0.9615    0.9962    0.9578
avg / total    0.9576    0.9662    0.9908    0.9570
              AVE_ACC           0.9726

 MAE: 1.4692

best result: 
            Precision        SE        SP        YI
     class0    0.9903    0.9903    0.9947    0.9850
     class1    0.9840    0.9685    0.9879    0.9564
     class2    0.8947    0.9444    0.9844    0.9288
     class3    0.9615    0.9615    0.9962    0.9578
avg / total    0.9576    0.9662    0.9908    0.9570
              AVE_ACC           0.9726

 MAE: 1.4692

train  | 22.000 | 0.120 |  0 hr 17 min
            Precision        SE        SP        YI
     class0    0.9533    0.9903    0.9735    0.9638
     class1    0.9836    0.9449    0.9879    0.9328
     class2    0.9394    0.8611    0.9922    0.8533
     class3    0.8667    1.0000    0.9850    0.9850
avg / total    0.9357    0.9491    0.9846    0.9337
              AVE_ACC           0.9555

 MAE: 2.0719
best result until now: 
            Precision        SE        SP        YI
     class0    0.9903    0.9903    0.9947    0.9850
     class1    0.9840    0.9685    0.9879    0.9564
     class2    0.8947    0.9444    0.9844    0.9288
     class3    0.9615    0.9615    0.9962    0.9578
avg / total    0.9576    0.9662    0.9908    0.9570
              AVE_ACC           0.9726

 MAE: 1.4692

best result: 
            Precision        SE        SP        YI
     class0    0.9903    0.9903    0.9947    0.9850
     class1    0.9840    0.9685    0.9879    0.9564
     class2    0.8947    0.9444    0.9844    0.9288
     class3    0.9615    0.9615    0.9962    0.9578
avg / total    0.9576    0.9662    0.9908    0.9570
              AVE_ACC           0.9726

 MAE: 1.4692

train  | 23.000 | 0.089 |  0 hr 17 min
            Precision        SE        SP        YI
     class0    0.9808    0.9903    0.9894    0.9797
     class1    0.9919    0.9685    0.9939    0.9624
     class2    0.9394    0.8611    0.9922    0.8533
     class3    0.8387    1.0000    0.9812    0.9812
avg / total    0.9377    0.9550    0.9892    0.9442
              AVE_ACC           0.9658

 MAE: 1.9829
best result until now: 
            Precision        SE        SP        YI
     class0    0.9903    0.9903    0.9947    0.9850
     class1    0.9840    0.9685    0.9879    0.9564
     class2    0.8947    0.9444    0.9844    0.9288
     class3    0.9615    0.9615    0.9962    0.9578
avg / total    0.9576    0.9662    0.9908    0.9570
              AVE_ACC           0.9726

 MAE: 1.4692

best result: 
            Precision        SE        SP        YI
     class0    0.9903    0.9903    0.9947    0.9850
     class1    0.9840    0.9685    0.9879    0.9564
     class2    0.8947    0.9444    0.9844    0.9288
     class3    0.9615    0.9615    0.9962    0.9578
avg / total    0.9576    0.9662    0.9908    0.9570
              AVE_ACC           0.9726

 MAE: 1.4692

train  | 24.000 | 0.039 |  0 hr 18 min
            Precision        SE        SP        YI
     class0    0.9902    0.9806    0.9947    0.9753
     class1    0.9836    0.9449    0.9879    0.9328
     class2    0.8500    0.9444    0.9766    0.9210
     class3    0.9286    1.0000    0.9925    0.9925
avg / total    0.9381    0.9675    0.9879    0.9554
              AVE_ACC           0.9623

 MAE: 1.9212
best result until now: 
            Precision        SE        SP        YI
     class0    0.9903    0.9903    0.9947    0.9850
     class1    0.9840    0.9685    0.9879    0.9564
     class2    0.8947    0.9444    0.9844    0.9288
     class3    0.9615    0.9615    0.9962    0.9578
avg / total    0.9576    0.9662    0.9908    0.9570
              AVE_ACC           0.9726

 MAE: 1.4692

best result: 
            Precision        SE        SP        YI
     class0    0.9903    0.9903    0.9947    0.9850
     class1    0.9840    0.9685    0.9879    0.9564
     class2    0.8947    0.9444    0.9844    0.9288
     class3    0.9615    0.9615    0.9962    0.9578
avg / total    0.9576    0.9662    0.9908    0.9570
              AVE_ACC           0.9726

 MAE: 1.4692

train  | 25.000 | 0.044 |  0 hr 19 min
            Precision        SE        SP        YI
     class0    1.0000    0.9223    1.0000    0.9223
     class1    0.9338    1.0000    0.9455    0.9455
     class2    0.9429    0.9167    0.9922    0.9089
     class3    0.9231    0.9231    0.9925    0.9156
avg / total    0.9499    0.9405    0.9825    0.9230
              AVE_ACC           0.9555

 MAE: 1.9623
best result until now: 
            Precision        SE        SP        YI
     class0    0.9903    0.9903    0.9947    0.9850
     class1    0.9840    0.9685    0.9879    0.9564
     class2    0.8947    0.9444    0.9844    0.9288
     class3    0.9615    0.9615    0.9962    0.9578
avg / total    0.9576    0.9662    0.9908    0.9570
              AVE_ACC           0.9726

 MAE: 1.4692

best result: 
            Precision        SE        SP        YI
     class0    0.9903    0.9903    0.9947    0.9850
     class1    0.9840    0.9685    0.9879    0.9564
     class2    0.8947    0.9444    0.9844    0.9288
     class3    0.9615    0.9615    0.9962    0.9578
avg / total    0.9576    0.9662    0.9908    0.9570
              AVE_ACC           0.9726

 MAE: 1.4692

