train epoch: 0  | loss: 0.815 | cls_loss: 1.027 | distribution_loss: 0.319  |  0 hr 00 min
            Precision        SE        SP        YI
     class0    0.7647    0.6311    0.8942    0.5252
     class1    0.5988    0.8110    0.5818    0.3928
     class2    1.0000    0.0278    1.0000    0.0278
     class3    0.6471    0.8462    0.9549    0.8010
avg / total    0.7527    0.5790    0.8577    0.4367
              AVE_ACC           0.6541

 cls_loss: 0.7762, distribution_loss:0.3010
best result until now: 
            Precision        SE        SP        YI
     class0    0.7647    0.6311    0.8942    0.5252
     class1    0.5988    0.8110    0.5818    0.3928
     class2    1.0000    0.0278    1.0000    0.0278
     class3    0.6471    0.8462    0.9549    0.8010
avg / total    0.7527    0.5790    0.8577    0.4367
              AVE_ACC           0.6541

 cls_loss: 0.7762, distribution_loss:0.3010

train epoch: 1  | loss: 0.652 | cls_loss: 0.798 | distribution_loss: 0.310  |  0 hr 01 min
            Precision        SE        SP        YI
     class0    0.5765    0.9515    0.6190    0.5705
     class1    0.6279    0.4252    0.8061    0.2313
     class2    0.5000    0.1667    0.9766    0.1432
     class3    0.7083    0.6538    0.9737    0.6275
avg / total    0.6032    0.5493    0.8438    0.3931
              AVE_ACC           0.5993

 cls_loss: 0.8359, distribution_loss:0.2796
best result until now: 
            Precision        SE        SP        YI
     class0    0.7647    0.6311    0.8942    0.5252
     class1    0.5988    0.8110    0.5818    0.3928
     class2    1.0000    0.0278    1.0000    0.0278
     class3    0.6471    0.8462    0.9549    0.8010
avg / total    0.7527    0.5790    0.8577    0.4367
              AVE_ACC           0.6541

 cls_loss: 0.7762, distribution_loss:0.3010

train epoch: 2  | loss: 0.554 | cls_loss: 0.664 | distribution_loss: 0.296  |  0 hr 03 min
            Precision        SE        SP        YI
     class0    0.9000    0.6117    0.9630    0.5746
     class1    0.6742    0.7008    0.7394    0.4402
     class2    0.4167    0.8333    0.8359    0.6693
     class3    0.8333    0.5769    0.9887    0.5656
avg / total    0.7061    0.6807    0.8818    0.5624
              AVE_ACC           0.6747

 cls_loss: 0.6939, distribution_loss:0.2736
best result until now: 
            Precision        SE        SP        YI
     class0    0.9000    0.6117    0.9630    0.5746
     class1    0.6742    0.7008    0.7394    0.4402
     class2    0.4167    0.8333    0.8359    0.6693
     class3    0.8333    0.5769    0.9887    0.5656
avg / total    0.7061    0.6807    0.8818    0.5624
              AVE_ACC           0.6747

 cls_loss: 0.6939, distribution_loss:0.2736

train epoch: 3  | loss: 0.535 | cls_loss: 0.642 | distribution_loss: 0.287  |  0 hr 04 min
            Precision        SE        SP        YI
     class0    0.5150    1.0000    0.4868    0.4868
     class1    0.6154    0.2520    0.8788    0.1308
     class2    0.5455    0.3333    0.9609    0.2943
     class3    0.8333    0.5769    0.9887    0.5656
avg / total    0.6273    0.5406    0.8288    0.3694
              AVE_ACC           0.5548

 cls_loss: 0.8590, distribution_loss:0.2684
best result until now: 
            Precision        SE        SP        YI
     class0    0.9000    0.6117    0.9630    0.5746
     class1    0.6742    0.7008    0.7394    0.4402
     class2    0.4167    0.8333    0.8359    0.6693
     class3    0.8333    0.5769    0.9887    0.5656
avg / total    0.7061    0.6807    0.8818    0.5624
              AVE_ACC           0.6747

 cls_loss: 0.6939, distribution_loss:0.2736

train epoch: 4  | loss: 0.505 | cls_loss: 0.602 | distribution_loss: 0.280  |  0 hr 05 min
            Precision        SE        SP        YI
     class0    0.7541    0.8932    0.8413    0.7345
     class1    0.7405    0.7638    0.7939    0.5577
     class2    0.8000    0.2222    0.9922    0.2144
     class3    0.7931    0.8846    0.9774    0.8621
avg / total    0.7719    0.6910    0.9012    0.5922
              AVE_ACC           0.7534

 cls_loss: 0.5428, distribution_loss:0.2670
best result until now: 
            Precision        SE        SP        YI
     class0    0.7541    0.8932    0.8413    0.7345
     class1    0.7405    0.7638    0.7939    0.5577
     class2    0.8000    0.2222    0.9922    0.2144
     class3    0.7931    0.8846    0.9774    0.8621
avg / total    0.7719    0.6910    0.9012    0.5922
              AVE_ACC           0.7534

 cls_loss: 0.5428, distribution_loss:0.2670

train epoch: 5  | loss: 0.480 | cls_loss: 0.565 | distribution_loss: 0.283  |  0 hr 06 min
            Precision        SE        SP        YI
     class0    0.6849    0.9709    0.7566    0.7275
     class1    0.7477    0.6299    0.8364    0.4663
     class2    0.8750    0.1944    0.9961    0.1905
     class3    0.8065    0.9615    0.9774    0.9390
avg / total    0.7785    0.6892    0.8916    0.5808
              AVE_ACC           0.7260

 cls_loss: 0.6312, distribution_loss:0.2673
best result until now: 
            Precision        SE        SP        YI
     class0    0.7541    0.8932    0.8413    0.7345
     class1    0.7405    0.7638    0.7939    0.5577
     class2    0.8000    0.2222    0.9922    0.2144
     class3    0.7931    0.8846    0.9774    0.8621
avg / total    0.7719    0.6910    0.9012    0.5922
              AVE_ACC           0.7534

 cls_loss: 0.5428, distribution_loss:0.2670

train epoch: 6  | loss: 0.454 | cls_loss: 0.530 | distribution_loss: 0.277  |  0 hr 07 min
            Precision        SE        SP        YI
     class0    0.6168    1.0000    0.6614    0.6614
     class1    0.7529    0.5039    0.8727    0.3767
     class2    0.5263    0.2778    0.9648    0.2426
     class3    0.8095    0.6538    0.9850    0.6388
avg / total    0.6764    0.6089    0.8710    0.4799
              AVE_ACC           0.6644

 cls_loss: 0.7310, distribution_loss:0.2656
best result until now: 
            Precision        SE        SP        YI
     class0    0.7541    0.8932    0.8413    0.7345
     class1    0.7405    0.7638    0.7939    0.5577
     class2    0.8000    0.2222    0.9922    0.2144
     class3    0.7931    0.8846    0.9774    0.8621
avg / total    0.7719    0.6910    0.9012    0.5922
              AVE_ACC           0.7534

 cls_loss: 0.5428, distribution_loss:0.2670

train epoch: 7  | loss: 0.441 | cls_loss: 0.512 | distribution_loss: 0.276  |  0 hr 08 min
            Precision        SE        SP        YI
     class0    0.7424    0.9515    0.8201    0.7716
     class1    0.7750    0.7323    0.8364    0.5686
     class2    0.7333    0.3056    0.9844    0.2899
     class3    0.8400    0.8077    0.9850    0.7927
avg / total    0.7727    0.6992    0.9065    0.6057
              AVE_ACC           0.7637

 cls_loss: 0.5166, distribution_loss:0.2594
best result until now: 
            Precision        SE        SP        YI
     class0    0.7424    0.9515    0.8201    0.7716
     class1    0.7750    0.7323    0.8364    0.5686
     class2    0.7333    0.3056    0.9844    0.2899
     class3    0.8400    0.8077    0.9850    0.7927
avg / total    0.7727    0.6992    0.9065    0.6057
              AVE_ACC           0.7637

 cls_loss: 0.5166, distribution_loss:0.2594

train epoch: 8  | loss: 0.397 | cls_loss: 0.449 | distribution_loss: 0.275  |  0 hr 09 min
            Precision        SE        SP        YI
     class0    0.8969    0.8447    0.9471    0.7918
     class1    0.8248    0.8898    0.8545    0.7443
     class2    0.8400    0.5833    0.9844    0.5677
     class3    0.7879    1.0000    0.9737    0.9737
avg / total    0.8374    0.8294    0.9399    0.7694
              AVE_ACC           0.8459

 cls_loss: 0.4389, distribution_loss:0.2597
best result until now: 
            Precision        SE        SP        YI
     class0    0.8969    0.8447    0.9471    0.7918
     class1    0.8248    0.8898    0.8545    0.7443
     class2    0.8400    0.5833    0.9844    0.5677
     class3    0.7879    1.0000    0.9737    0.9737
avg / total    0.8374    0.8294    0.9399    0.7694
              AVE_ACC           0.8459

 cls_loss: 0.4389, distribution_loss:0.2597

train epoch: 9  | loss: 0.386 | cls_loss: 0.436 | distribution_loss: 0.271  |  0 hr 11 min
            Precision        SE        SP        YI
     class0    0.6071    0.9903    0.6508    0.6411
     class1    0.6854    0.4803    0.8303    0.3106
     class2    0.3478    0.2222    0.9414    0.1636
     class3    0.8333    0.3846    0.9925    0.3771
avg / total    0.6184    0.5194    0.8537    0.3731
              AVE_ACC           0.6199

 cls_loss: 0.9336, distribution_loss:0.2608
best result until now: 
            Precision        SE        SP        YI
     class0    0.8969    0.8447    0.9471    0.7918
     class1    0.8248    0.8898    0.8545    0.7443
     class2    0.8400    0.5833    0.9844    0.5677
     class3    0.7879    1.0000    0.9737    0.9737
avg / total    0.8374    0.8294    0.9399    0.7694
              AVE_ACC           0.8459

 cls_loss: 0.4389, distribution_loss:0.2597

train epoch: 10  | loss: 0.391 | cls_loss: 0.443 | distribution_loss: 0.271  |  0 hr 12 min
            Precision        SE        SP        YI
     class0    0.7698    0.9417    0.8466    0.7883
     class1    0.8559    0.7480    0.9030    0.6511
     class2    0.8750    0.5833    0.9883    0.5716
     class3    0.8387    1.0000    0.9812    0.9812
avg / total    0.8349    0.8183    0.9298    0.7480
              AVE_ACC           0.8185

 cls_loss: 0.4445, distribution_loss:0.2576
best result until now: 
            Precision        SE        SP        YI
     class0    0.8969    0.8447    0.9471    0.7918
     class1    0.8248    0.8898    0.8545    0.7443
     class2    0.8400    0.5833    0.9844    0.5677
     class3    0.7879    1.0000    0.9737    0.9737
avg / total    0.8374    0.8294    0.9399    0.7694
              AVE_ACC           0.8459

 cls_loss: 0.4389, distribution_loss:0.2597

train epoch: 11  | loss: 0.343 | cls_loss: 0.373 | distribution_loss: 0.271  |  0 hr 13 min
            Precision        SE        SP        YI
     class0    0.7500    0.9612    0.8254    0.7866
     class1    0.8034    0.7402    0.8606    0.6008
     class2    1.0000    0.3333    1.0000    0.3333
     class3    0.8387    1.0000    0.9812    0.9812
avg / total    0.8480    0.7587    0.9168    0.6755
              AVE_ACC           0.7911

 cls_loss: 0.5257, distribution_loss:0.2611
best result until now: 
            Precision        SE        SP        YI
     class0    0.8969    0.8447    0.9471    0.7918
     class1    0.8248    0.8898    0.8545    0.7443
     class2    0.8400    0.5833    0.9844    0.5677
     class3    0.7879    1.0000    0.9737    0.9737
avg / total    0.8374    0.8294    0.9399    0.7694
              AVE_ACC           0.8459

 cls_loss: 0.4389, distribution_loss:0.2597

train epoch: 12  | loss: 0.377 | cls_loss: 0.422 | distribution_loss: 0.272  |  0 hr 14 min
            Precision        SE        SP        YI
     class0    0.8158    0.9029    0.8889    0.7918
     class1    0.8374    0.8110    0.8788    0.6898
     class2    0.8400    0.5833    0.9844    0.5677
     class3    0.8333    0.9615    0.9812    0.9427
avg / total    0.8316    0.8147    0.9333    0.7480
              AVE_ACC           0.8288

 cls_loss: 0.4166, distribution_loss:0.2586
best result until now: 
            Precision        SE        SP        YI
     class0    0.8969    0.8447    0.9471    0.7918
     class1    0.8248    0.8898    0.8545    0.7443
     class2    0.8400    0.5833    0.9844    0.5677
     class3    0.7879    1.0000    0.9737    0.9737
avg / total    0.8374    0.8294    0.9399    0.7694
              AVE_ACC           0.8459

 cls_loss: 0.4389, distribution_loss:0.2597

train epoch: 13  | loss: 0.311 | cls_loss: 0.328 | distribution_loss: 0.273  |  0 hr 15 min
            Precision        SE        SP        YI
     class0    0.7538    0.9515    0.8307    0.7821
     class1    0.8774    0.7323    0.9212    0.6535
     class2    0.7576    0.6944    0.9688    0.6632
     class3    0.8696    0.7692    0.9887    0.7580
avg / total    0.8146    0.7869    0.9273    0.7142
              AVE_ACC           0.8082

 cls_loss: 0.4495, distribution_loss:0.2580
best result until now: 
            Precision        SE        SP        YI
     class0    0.8969    0.8447    0.9471    0.7918
     class1    0.8248    0.8898    0.8545    0.7443
     class2    0.8400    0.5833    0.9844    0.5677
     class3    0.7879    1.0000    0.9737    0.9737
avg / total    0.8374    0.8294    0.9399    0.7694
              AVE_ACC           0.8459

 cls_loss: 0.4389, distribution_loss:0.2597

train epoch: 14  | loss: 0.300 | cls_loss: 0.313 | distribution_loss: 0.270  |  0 hr 16 min
            Precision        SE        SP        YI
     class0    0.7559    0.9320    0.8360    0.7680
     class1    0.8750    0.7165    0.9212    0.6377
     class2    0.6923    0.7500    0.9531    0.7031
     class3    0.8636    0.7308    0.9887    0.7195
avg / total    0.7967    0.7823    0.9248    0.7071
              AVE_ACC           0.7979

 cls_loss: 0.4473, distribution_loss:0.2589
best result until now: 
            Precision        SE        SP        YI
     class0    0.8969    0.8447    0.9471    0.7918
     class1    0.8248    0.8898    0.8545    0.7443
     class2    0.8400    0.5833    0.9844    0.5677
     class3    0.7879    1.0000    0.9737    0.9737
avg / total    0.8374    0.8294    0.9399    0.7694
              AVE_ACC           0.8459

 cls_loss: 0.4389, distribution_loss:0.2597

train epoch: 15  | loss: 0.279 | cls_loss: 0.282 | distribution_loss: 0.271  |  0 hr 17 min
            Precision        SE        SP        YI
     class0    0.8440    0.8932    0.9101    0.8033
     class1    0.8244    0.8504    0.8606    0.7110
     class2    0.8696    0.5556    0.9883    0.5438
     class3    0.8621    0.9615    0.9850    0.9465
avg / total    0.8500    0.8152    0.9360    0.7511
              AVE_ACC           0.8390

 cls_loss: 0.4102, distribution_loss:0.2559
best result until now: 
            Precision        SE        SP        YI
     class0    0.8969    0.8447    0.9471    0.7918
     class1    0.8248    0.8898    0.8545    0.7443
     class2    0.8400    0.5833    0.9844    0.5677
     class3    0.7879    1.0000    0.9737    0.9737
avg / total    0.8374    0.8294    0.9399    0.7694
              AVE_ACC           0.8459

 cls_loss: 0.4389, distribution_loss:0.2597

train epoch: 16  | loss: 0.295 | cls_loss: 0.306 | distribution_loss: 0.270  |  0 hr 18 min
            Precision        SE        SP        YI
     class0    0.8812    0.8641    0.9365    0.8006
     class1    0.8321    0.8583    0.8667    0.7249
     class2    0.6341    0.7222    0.9414    0.6636
     class3    0.8947    0.6538    0.9925    0.6463
avg / total    0.8105    0.7746    0.9343    0.7089
              AVE_ACC           0.8253

 cls_loss: 0.4204, distribution_loss:0.2551
best result until now: 
            Precision        SE        SP        YI
     class0    0.8969    0.8447    0.9471    0.7918
     class1    0.8248    0.8898    0.8545    0.7443
     class2    0.8400    0.5833    0.9844    0.5677
     class3    0.7879    1.0000    0.9737    0.9737
avg / total    0.8374    0.8294    0.9399    0.7694
              AVE_ACC           0.8459

 cls_loss: 0.4389, distribution_loss:0.2597

train epoch: 17  | loss: 0.285 | cls_loss: 0.293 | distribution_loss: 0.267  |  0 hr 19 min
            Precision        SE        SP        YI
     class0    0.9091    0.7767    0.9577    0.7344
     class1    0.7597    0.9213    0.7758    0.6970
     class2    0.8182    0.5000    0.9844    0.4844
     class3    0.8571    0.9231    0.9850    0.9080
avg / total    0.8360    0.7803    0.9257    0.7060
              AVE_ACC           0.8185

 cls_loss: 0.4388, distribution_loss:0.2553
best result until now: 
            Precision        SE        SP        YI
     class0    0.8969    0.8447    0.9471    0.7918
     class1    0.8248    0.8898    0.8545    0.7443
     class2    0.8400    0.5833    0.9844    0.5677
     class3    0.7879    1.0000    0.9737    0.9737
avg / total    0.8374    0.8294    0.9399    0.7694
              AVE_ACC           0.8459

 cls_loss: 0.4389, distribution_loss:0.2597

train epoch: 18  | loss: 0.235 | cls_loss: 0.222 | distribution_loss: 0.265  |  0 hr 20 min
            Precision        SE        SP        YI
     class0    0.8426    0.8835    0.9101    0.7935
     class1    0.8480    0.8346    0.8848    0.7195
     class2    0.6923    0.7500    0.9531    0.7031
     class3    0.9000    0.6923    0.9925    0.6848
avg / total    0.8207    0.7901    0.9351    0.7252
              AVE_ACC           0.8288

 cls_loss: 0.4334, distribution_loss:0.2533
best result until now: 
            Precision        SE        SP        YI
     class0    0.8969    0.8447    0.9471    0.7918
     class1    0.8248    0.8898    0.8545    0.7443
     class2    0.8400    0.5833    0.9844    0.5677
     class3    0.7879    1.0000    0.9737    0.9737
avg / total    0.8374    0.8294    0.9399    0.7694
              AVE_ACC           0.8459

 cls_loss: 0.4389, distribution_loss:0.2597

train epoch: 19  | loss: 0.275 | cls_loss: 0.279 | distribution_loss: 0.266  |  0 hr 22 min
            Precision        SE        SP        YI
     class0    0.7313    0.9515    0.8095    0.7610
     class1    0.8318    0.7008    0.8909    0.5917
     class2    0.6923    0.5000    0.9688    0.4688
     class3    0.8000    0.7692    0.9812    0.7504
avg / total    0.7639    0.7304    0.9126    0.6430
              AVE_ACC           0.7705

 cls_loss: 0.5205, distribution_loss:0.2505
best result until now: 
            Precision        SE        SP        YI
     class0    0.8969    0.8447    0.9471    0.7918
     class1    0.8248    0.8898    0.8545    0.7443
     class2    0.8400    0.5833    0.9844    0.5677
     class3    0.7879    1.0000    0.9737    0.9737
avg / total    0.8374    0.8294    0.9399    0.7694
              AVE_ACC           0.8459

 cls_loss: 0.4389, distribution_loss:0.2597

train epoch: 20  | loss: 0.253 | cls_loss: 0.247 | distribution_loss: 0.268  |  0 hr 23 min
            Precision        SE        SP        YI
     class0    0.9667    0.5631    0.9894    0.5525
     class1    0.7024    0.9291    0.6970    0.6261
     class2    0.7500    0.7500    0.9648    0.7148
     class3    0.8571    0.9231    0.9850    0.9080
avg / total    0.8190    0.7913    0.9090    0.7004
              AVE_ACC           0.7774

 cls_loss: 0.5402, distribution_loss:0.2587
best result until now: 
            Precision        SE        SP        YI
     class0    0.8969    0.8447    0.9471    0.7918
     class1    0.8248    0.8898    0.8545    0.7443
     class2    0.8400    0.5833    0.9844    0.5677
     class3    0.7879    1.0000    0.9737    0.9737
avg / total    0.8374    0.8294    0.9399    0.7694
              AVE_ACC           0.8459

 cls_loss: 0.4389, distribution_loss:0.2597

train epoch: 21  | loss: 0.254 | cls_loss: 0.249 | distribution_loss: 0.264  |  0 hr 24 min
            Precision        SE        SP        YI
     class0    0.8288    0.8932    0.8995    0.7927
     class1    0.8455    0.8189    0.8848    0.7037
     class2    0.7917    0.5278    0.9805    0.5082
     class3    0.7353    0.9615    0.9662    0.9277
avg / total    0.8003    0.8004    0.9327    0.7331
              AVE_ACC           0.8219

 cls_loss: 0.4661, distribution_loss:0.2568
best result until now: 
            Precision        SE        SP        YI
     class0    0.8969    0.8447    0.9471    0.7918
     class1    0.8248    0.8898    0.8545    0.7443
     class2    0.8400    0.5833    0.9844    0.5677
     class3    0.7879    1.0000    0.9737    0.9737
avg / total    0.8374    0.8294    0.9399    0.7694
              AVE_ACC           0.8459

 cls_loss: 0.4389, distribution_loss:0.2597

train epoch: 22  | loss: 0.203 | cls_loss: 0.175 | distribution_loss: 0.267  |  0 hr 25 min
            Precision        SE        SP        YI
     class0    0.8673    0.8252    0.9312    0.7565
     class1    0.7635    0.8898    0.7879    0.6776
     class2    0.6957    0.4444    0.9727    0.4171
     class3    0.8696    0.7692    0.9887    0.7580
avg / total    0.7990    0.7322    0.9201    0.6523
              AVE_ACC           0.8014

 cls_loss: 0.5262, distribution_loss:0.2487
best result until now: 
            Precision        SE        SP        YI
     class0    0.8969    0.8447    0.9471    0.7918
     class1    0.8248    0.8898    0.8545    0.7443
     class2    0.8400    0.5833    0.9844    0.5677
     class3    0.7879    1.0000    0.9737    0.9737
avg / total    0.8374    0.8294    0.9399    0.7694
              AVE_ACC           0.8459

 cls_loss: 0.4389, distribution_loss:0.2597

train epoch: 23  | loss: 0.207 | cls_loss: 0.183 | distribution_loss: 0.264  |  0 hr 26 min
            Precision        SE        SP        YI
     class0    0.8190    0.8350    0.8995    0.7344
     class1    0.7970    0.8346    0.8364    0.6710
     class2    0.8462    0.6111    0.9844    0.5955
     class3    0.8571    0.9231    0.9850    0.9080
avg / total    0.8298    0.8009    0.9263    0.7272
              AVE_ACC           0.8151

 cls_loss: 0.5036, distribution_loss:0.2501
best result until now: 
            Precision        SE        SP        YI
     class0    0.8969    0.8447    0.9471    0.7918
     class1    0.8248    0.8898    0.8545    0.7443
     class2    0.8400    0.5833    0.9844    0.5677
     class3    0.7879    1.0000    0.9737    0.9737
avg / total    0.8374    0.8294    0.9399    0.7694
              AVE_ACC           0.8459

 cls_loss: 0.4389, distribution_loss:0.2597

train epoch: 24  | loss: 0.198 | cls_loss: 0.170 | distribution_loss: 0.263  |  0 hr 27 min
            Precision        SE        SP        YI
     class0    0.9149    0.8350    0.9577    0.7926
     class1    0.8169    0.9134    0.8424    0.7558
     class2    0.8519    0.6389    0.9844    0.6233
     class3    0.8621    0.9615    0.9850    0.9465
avg / total    0.8614    0.8372    0.9424    0.7795
              AVE_ACC           0.8562

 cls_loss: 0.4633, distribution_loss:0.2489
best result until now: 
            Precision        SE        SP        YI
     class0    0.9149    0.8350    0.9577    0.7926
     class1    0.8169    0.9134    0.8424    0.7558
     class2    0.8519    0.6389    0.9844    0.6233
     class3    0.8621    0.9615    0.9850    0.9465
avg / total    0.8614    0.8372    0.9424    0.7795
              AVE_ACC           0.8562

 cls_loss: 0.4633, distribution_loss:0.2489

train epoch: 25  | loss: 0.222 | cls_loss: 0.205 | distribution_loss: 0.261  |  0 hr 28 min
            Precision        SE        SP        YI
     class0    0.7214    0.9806    0.7937    0.7742
     class1    0.8627    0.6929    0.9152    0.6081
     class2    0.8636    0.5278    0.9883    0.5161
     class3    0.8571    0.9231    0.9850    0.9080
avg / total    0.8262    0.7811    0.9205    0.7016
              AVE_ACC           0.7945

 cls_loss: 0.6911, distribution_loss:0.2498
best result until now: 
            Precision        SE        SP        YI
     class0    0.9149    0.8350    0.9577    0.7926
     class1    0.8169    0.9134    0.8424    0.7558
     class2    0.8519    0.6389    0.9844    0.6233
     class3    0.8621    0.9615    0.9850    0.9465
avg / total    0.8614    0.8372    0.9424    0.7795
              AVE_ACC           0.8562

 cls_loss: 0.4633, distribution_loss:0.2489

train epoch: 26  | loss: 0.200 | cls_loss: 0.173 | distribution_loss: 0.261  |  0 hr 29 min
            Precision        SE        SP        YI
     class0    0.5763    0.9903    0.6032    0.5935
     class1    0.7500    0.4252    0.8909    0.3161
     class2    0.8125    0.3611    0.9883    0.3494
     class3    0.8519    0.8846    0.9850    0.8696
avg / total    0.7477    0.6653    0.8668    0.5321
              AVE_ACC           0.6575

 cls_loss: 1.2977, distribution_loss:0.2523
best result until now: 
            Precision        SE        SP        YI
     class0    0.9149    0.8350    0.9577    0.7926
     class1    0.8169    0.9134    0.8424    0.7558
     class2    0.8519    0.6389    0.9844    0.6233
     class3    0.8621    0.9615    0.9850    0.9465
avg / total    0.8614    0.8372    0.9424    0.7795
              AVE_ACC           0.8562

 cls_loss: 0.4633, distribution_loss:0.2489

train epoch: 27  | loss: 0.267 | cls_loss: 0.271 | distribution_loss: 0.259  |  0 hr 31 min
            Precision        SE        SP        YI
     class0    0.9302    0.7767    0.9683    0.7450
     class1    0.8074    0.8583    0.8424    0.7007
     class2    0.6774    0.5833    0.9609    0.5443
     class3    0.6500    1.0000    0.9474    0.9474
avg / total    0.7663    0.8046    0.9297    0.7343
              AVE_ACC           0.8082

 cls_loss: 0.6006, distribution_loss:0.2510
best result until now: 
            Precision        SE        SP        YI
     class0    0.9149    0.8350    0.9577    0.7926
     class1    0.8169    0.9134    0.8424    0.7558
     class2    0.8519    0.6389    0.9844    0.6233
     class3    0.8621    0.9615    0.9850    0.9465
avg / total    0.8614    0.8372    0.9424    0.7795
              AVE_ACC           0.8562

 cls_loss: 0.4633, distribution_loss:0.2489

train epoch: 28  | loss: 0.184 | cls_loss: 0.152 | distribution_loss: 0.260  |  0 hr 32 min
            Precision        SE        SP        YI
     class0    0.7895    0.8738    0.8730    0.7468
     class1    0.8016    0.7953    0.8485    0.6438
     class2    0.8696    0.5556    0.9883    0.5438
     class3    0.8621    0.9615    0.9850    0.9465
avg / total    0.8307    0.7965    0.9237    0.7202
              AVE_ACC           0.8082

 cls_loss: 0.5466, distribution_loss:0.2504
best result until now: 
            Precision        SE        SP        YI
     class0    0.9149    0.8350    0.9577    0.7926
     class1    0.8169    0.9134    0.8424    0.7558
     class2    0.8519    0.6389    0.9844    0.6233
     class3    0.8621    0.9615    0.9850    0.9465
avg / total    0.8614    0.8372    0.9424    0.7795
              AVE_ACC           0.8562

 cls_loss: 0.4633, distribution_loss:0.2489

train epoch: 29  | loss: 0.167 | cls_loss: 0.127 | distribution_loss: 0.259  |  0 hr 33 min
            Precision        SE        SP        YI
     class0    0.9000    0.7864    0.9524    0.7388
     class1    0.7748    0.9213    0.7939    0.7152
     class2    0.9130    0.5833    0.9922    0.5755
     class3    0.8929    0.9615    0.9887    0.9503
avg / total    0.8702    0.8131    0.9318    0.7449
              AVE_ACC           0.8356

 cls_loss: 0.4727, distribution_loss:0.2445
best result until now: 
            Precision        SE        SP        YI
     class0    0.9149    0.8350    0.9577    0.7926
     class1    0.8169    0.9134    0.8424    0.7558
     class2    0.8519    0.6389    0.9844    0.6233
     class3    0.8621    0.9615    0.9850    0.9465
avg / total    0.8614    0.8372    0.9424    0.7795
              AVE_ACC           0.8562

 cls_loss: 0.4633, distribution_loss:0.2489

train epoch: 30  | loss: 0.157 | cls_loss: 0.114 | distribution_loss: 0.256  |  0 hr 34 min
            Precision        SE        SP        YI
     class0    0.8017    0.9417    0.8730    0.8148
     class1    0.8632    0.7953    0.9030    0.6983
     class2    0.8148    0.6111    0.9805    0.5916
     class3    0.8519    0.8846    0.9850    0.8696
avg / total    0.8329    0.8082    0.9354    0.7436
              AVE_ACC           0.8322

 cls_loss: 0.6286, distribution_loss:0.2477
best result until now: 
            Precision        SE        SP        YI
     class0    0.9149    0.8350    0.9577    0.7926
     class1    0.8169    0.9134    0.8424    0.7558
     class2    0.8519    0.6389    0.9844    0.6233
     class3    0.8621    0.9615    0.9850    0.9465
avg / total    0.8614    0.8372    0.9424    0.7795
              AVE_ACC           0.8562

 cls_loss: 0.4633, distribution_loss:0.2489

train epoch: 31  | loss: 0.162 | cls_loss: 0.120 | distribution_loss: 0.259  |  0 hr 35 min
            Precision        SE        SP        YI
     class0    0.8519    0.8932    0.9153    0.8085
     class1    0.8640    0.8504    0.8970    0.7474
     class2    0.8667    0.7222    0.9844    0.7066
     class3    0.8621    0.9615    0.9850    0.9465
avg / total    0.8611    0.8568    0.9454    0.8023
              AVE_ACC           0.8596

 cls_loss: 0.4526, distribution_loss:0.2480
best result until now: 
            Precision        SE        SP        YI
     class0    0.8519    0.8932    0.9153    0.8085
     class1    0.8640    0.8504    0.8970    0.7474
     class2    0.8667    0.7222    0.9844    0.7066
     class3    0.8621    0.9615    0.9850    0.9465
avg / total    0.8611    0.8568    0.9454    0.8023
              AVE_ACC           0.8596

 cls_loss: 0.4526, distribution_loss:0.2480

train epoch: 32  | loss: 0.176 | cls_loss: 0.141 | distribution_loss: 0.257  |  0 hr 36 min
            Precision        SE        SP        YI
     class0    0.7578    0.9417    0.8360    0.7777
     class1    0.7934    0.7559    0.8485    0.6044
     class2    0.7368    0.3889    0.9805    0.3694
     class3    0.8750    0.8077    0.9887    0.7964
avg / total    0.7908    0.7236    0.9134    0.6370
              AVE_ACC           0.7808

 cls_loss: 0.6913, distribution_loss:0.2435
best result until now: 
            Precision        SE        SP        YI
     class0    0.8519    0.8932    0.9153    0.8085
     class1    0.8640    0.8504    0.8970    0.7474
     class2    0.8667    0.7222    0.9844    0.7066
     class3    0.8621    0.9615    0.9850    0.9465
avg / total    0.8611    0.8568    0.9454    0.8023
              AVE_ACC           0.8596

 cls_loss: 0.4526, distribution_loss:0.2480

train epoch: 33  | loss: 0.141 | cls_loss: 0.091 | distribution_loss: 0.258  |  0 hr 37 min
            Precision        SE        SP        YI
     class0    0.8125    0.8835    0.8889    0.7724
     class1    0.8403    0.7874    0.8848    0.6723
     class2    0.6667    0.7222    0.9492    0.6714
     class3    0.8636    0.7308    0.9887    0.7195
avg / total    0.7958    0.7810    0.9279    0.7089
              AVE_ACC           0.8082

 cls_loss: 0.5533, distribution_loss:0.2447
best result until now: 
            Precision        SE        SP        YI
     class0    0.8519    0.8932    0.9153    0.8085
     class1    0.8640    0.8504    0.8970    0.7474
     class2    0.8667    0.7222    0.9844    0.7066
     class3    0.8621    0.9615    0.9850    0.9465
avg / total    0.8611    0.8568    0.9454    0.8023
              AVE_ACC           0.8596

 cls_loss: 0.4526, distribution_loss:0.2480

train epoch: 34  | loss: 0.158 | cls_loss: 0.116 | distribution_loss: 0.255  |  0 hr 38 min
            Precision        SE        SP        YI
     class0    0.8750    0.8155    0.9365    0.7520
     class1    0.8231    0.8425    0.8606    0.7031
     class2    0.7297    0.7500    0.9609    0.7109
     class3    0.8276    0.9231    0.9812    0.9043
avg / total    0.8138    0.8328    0.9348    0.7676
              AVE_ACC           0.8288

 cls_loss: 0.4785, distribution_loss:0.2432
best result until now: 
            Precision        SE        SP        YI
     class0    0.8519    0.8932    0.9153    0.8085
     class1    0.8640    0.8504    0.8970    0.7474
     class2    0.8667    0.7222    0.9844    0.7066
     class3    0.8621    0.9615    0.9850    0.9465
avg / total    0.8611    0.8568    0.9454    0.8023
              AVE_ACC           0.8596

 cls_loss: 0.4526, distribution_loss:0.2480

train epoch: 35  | loss: 0.183 | cls_loss: 0.153 | distribution_loss: 0.255  |  0 hr 39 min
            Precision        SE        SP        YI
     class0    0.7500    0.9612    0.8254    0.7866
     class1    0.8692    0.7323    0.9152    0.6474
     class2    0.8800    0.6111    0.9883    0.5994
     class3    0.8571    0.9231    0.9850    0.9080
avg / total    0.8391    0.8069    0.9284    0.7354
              AVE_ACC           0.8151

 cls_loss: 0.6834, distribution_loss:0.2425
best result until now: 
            Precision        SE        SP        YI
     class0    0.8519    0.8932    0.9153    0.8085
     class1    0.8640    0.8504    0.8970    0.7474
     class2    0.8667    0.7222    0.9844    0.7066
     class3    0.8621    0.9615    0.9850    0.9465
avg / total    0.8611    0.8568    0.9454    0.8023
              AVE_ACC           0.8596

 cls_loss: 0.4526, distribution_loss:0.2480

train epoch: 36  | loss: 0.167 | cls_loss: 0.130 | distribution_loss: 0.253  |  0 hr 41 min
            Precision        SE        SP        YI
     class0    0.9032    0.8155    0.9524    0.7679
     class1    0.8028    0.8976    0.8303    0.7279
     class2    0.7857    0.6111    0.9766    0.5877
     class3    0.8276    0.9231    0.9812    0.9043
avg / total    0.8298    0.8118    0.9351    0.7470
              AVE_ACC           0.8356

 cls_loss: 0.4458, distribution_loss:0.2419
best result until now: 
            Precision        SE        SP        YI
     class0    0.8519    0.8932    0.9153    0.8085
     class1    0.8640    0.8504    0.8970    0.7474
     class2    0.8667    0.7222    0.9844    0.7066
     class3    0.8621    0.9615    0.9850    0.9465
avg / total    0.8611    0.8568    0.9454    0.8023
              AVE_ACC           0.8596

 cls_loss: 0.4526, distribution_loss:0.2480

train epoch: 37  | loss: 0.125 | cls_loss: 0.071 | distribution_loss: 0.250  |  0 hr 42 min
            Precision        SE        SP        YI
     class0    0.7122    0.9612    0.7884    0.7495
     class1    0.8131    0.6850    0.8788    0.5638
     class2    0.7619    0.4444    0.9805    0.4249
     class3    0.8400    0.8077    0.9850    0.7927
avg / total    0.7818    0.7246    0.9081    0.6327
              AVE_ACC           0.7637

 cls_loss: 0.9083, distribution_loss:0.2408
best result until now: 
            Precision        SE        SP        YI
     class0    0.8519    0.8932    0.9153    0.8085
     class1    0.8640    0.8504    0.8970    0.7474
     class2    0.8667    0.7222    0.9844    0.7066
     class3    0.8621    0.9615    0.9850    0.9465
avg / total    0.8611    0.8568    0.9454    0.8023
              AVE_ACC           0.8596

 cls_loss: 0.4526, distribution_loss:0.2480

train epoch: 38  | loss: 0.163 | cls_loss: 0.127 | distribution_loss: 0.249  |  0 hr 43 min
            Precision        SE        SP        YI
     class0    0.9140    0.8252    0.9577    0.7829
     class1    0.7867    0.9291    0.8061    0.7352
     class2    0.7200    0.5000    0.9727    0.4727
     class3    0.8333    0.7692    0.9850    0.7542
avg / total    0.8135    0.7559    0.9303    0.6862
              AVE_ACC           0.8253

 cls_loss: 0.5288, distribution_loss:0.2370
best result until now: 
            Precision        SE        SP        YI
     class0    0.8519    0.8932    0.9153    0.8085
     class1    0.8640    0.8504    0.8970    0.7474
     class2    0.8667    0.7222    0.9844    0.7066
     class3    0.8621    0.9615    0.9850    0.9465
avg / total    0.8611    0.8568    0.9454    0.8023
              AVE_ACC           0.8596

 cls_loss: 0.4526, distribution_loss:0.2480

train epoch: 39  | loss: 0.138 | cls_loss: 0.091 | distribution_loss: 0.247  |  0 hr 44 min
            Precision        SE        SP        YI
     class0    0.7833    0.9126    0.8624    0.7751
     class1    0.8182    0.7795    0.8667    0.6462
     class2    0.8182    0.5000    0.9844    0.4844
     class3    0.8276    0.9231    0.9812    0.9043
avg / total    0.8118    0.7788    0.9237    0.7025
              AVE_ACC           0.8048

 cls_loss: 0.6526, distribution_loss:0.2351
best result until now: 
            Precision        SE        SP        YI
     class0    0.8519    0.8932    0.9153    0.8085
     class1    0.8640    0.8504    0.8970    0.7474
     class2    0.8667    0.7222    0.9844    0.7066
     class3    0.8621    0.9615    0.9850    0.9465
avg / total    0.8611    0.8568    0.9454    0.8023
              AVE_ACC           0.8596

 cls_loss: 0.4526, distribution_loss:0.2480

